<?xml version="1.0" encoding="UTF-8"?>
<testng-results ignored="0" total="1" passed="1" failed="0" skipped="0">
  <reporter-output>
  </reporter-output>
  <suite started-at="2026-04-18T11:43:50 IST" name="Default suite" finished-at="2026-04-18T11:43:57 IST" duration-ms="7040">
    <groups>
    </groups>
    <test started-at="2026-04-18T11:43:50 IST" name="Default test" finished-at="2026-04-18T11:43:57 IST" duration-ms="7040">
      <class name="tests.CheckoutTest">
        <test-method is-config="true" signature="setUp()[pri:0, instance:tests.CheckoutTest@1283bb96]" started-at="2026-04-18T11:43:50 IST" name="setUp" finished-at="2026-04-18T11:43:53 IST" duration-ms="3690" status="PASS">
          <reporter-output>
          </reporter-output>
        </test-method> <!-- setUp -->
        <test-method signature="endToEndCheckoutTest()[pri:0, instance:tests.CheckoutTest@1283bb96]" started-at="2026-04-18T11:43:53 IST" name="endToEndCheckoutTest" finished-at="2026-04-18T11:43:56 IST" duration-ms="2345" status="PASS">
          <reporter-output>
          </reporter-output>
        </test-method> <!-- endToEndCheckoutTest -->
        <test-method is-config="true" signature="tearDown()[pri:0, instance:tests.CheckoutTest@1283bb96]" started-at="2026-04-18T11:43:56 IST" name="tearDown" finished-at="2026-04-18T11:43:57 IST" duration-ms="884" status="PASS">
          <reporter-output>
          </reporter-output>
        </test-method> <!-- tearDown -->
      </class> <!-- tests.CheckoutTest -->
    </test> <!-- Default test -->
  </suite> <!-- Default suite -->
</testng-results>
