<?xml version="1.0" encoding="UTF-8"?>
<!-- Generated by org.testng.reporters.JUnitXMLReporter -->
<testsuite ignored="0" hostname="LAPTOP-E4D9ADNI" failures="0" tests="1" name="CheckoutTest" time="0.217" errors="0" timestamp="2026-03-19T18:18:47 IST">
  <testcase classname="base.BaseTest" name="@BeforeMethod setup" time="0.048">
    <failure type="java.util.NoSuchElementException" message="No value present">
      <![CDATA[java.util.NoSuchElementException: No value present
at java.base/java.util.Optional.get(Optional.java:143)
at io.github.bonigarcia.wdm.WebDriverManager.<init>(WebDriverManager.java:225)
at io.github.bonigarcia.wdm.managers.ChromeDriverManager.<init>(ChromeDriverManager.java:51)
at io.github.bonigarcia.wdm.WebDriverManager.chromedriver(WebDriverManager.java:236)
at factory.DriverFactory.initDriver(DriverFactory.java:26)
at base.BaseTest.setup(BaseTest.java:44)
at java.base/java.util.ArrayList.forEach(ArrayList.java:1596)
at java.base/java.util.concurrent.FutureTask.run(FutureTask.java:317)
at java.base/java.util.concurrent.ThreadPoolExecutor.runWorker(ThreadPoolExecutor.java:1144)
at java.base/java.util.concurrent.ThreadPoolExecutor$Worker.run(ThreadPoolExecutor.java:642)
at java.base/java.lang.Thread.run(Thread.java:1583)
... Removed 19 stack frames]]>
    </failure>
  </testcase> <!-- @BeforeMethod setup -->
  <testcase classname="base.BaseTest" name="@AfterMethod teardown" time="0.0">
    <skipped/>
  </testcase> <!-- @AfterMethod teardown -->
  <testcase classname="tests.CheckoutTest" name="checkoutFlow" time="0.0">
    <skipped/>
  </testcase> <!-- checkoutFlow -->
</testsuite> <!-- CheckoutTest -->
